<?xml version="1.0" encoding="UTF-8"?>
<!-- Generated by org.testng.reporters.JUnitReportReporter -->
<testsuite hostname="LTIN718595" failures="0" tests="2" name="test.AccountCreationTesting" time="11.549" errors="0" timestamp="2026-04-13T14:37:45 IST" skipped="0">
  <testcase classname="test.AccountCreationTesting" name="verifyPageTitle" time="0.052"/>
  <testcase classname="test.AccountCreationTesting" name="createAccount" time="11.497">
    <system-out>
      <![CDATA[Mobile Error: Please enter a valid mobile number or email address.
Password Error: Enter a combination of at least six numbers, letters and punctuation marks (such as ! and &).]]>
    </system-out>
  </testcase> <!-- createAccount -->
  <system-out>
    <![CDATA[Mobile Error: Please enter a valid mobile number or email address.
Password Error: Enter a combination of at least six numbers, letters and punctuation marks (such as ! and &).]]>
  </system-out>
</testsuite> <!-- test.AccountCreationTesting -->
